2025-04-25 12:13:27,744 - api - ERROR - Error retrieving stats: [Errno 2] No such file or directory: 'C:\\Projects\\2k_spark\\output\\upcoming_match_predictions.json'
2025-04-25 12:13:27,745 - api - INFO - get_stats executed in 0.00 seconds
2025-04-25 12:13:27,797 - api - ERROR - Error retrieving stats: [Errno 2] No such file or directory: 'C:\\Projects\\2k_spark\\output\\upcoming_match_predictions.json'
2025-04-25 12:13:27,798 - api - INFO - get_stats executed in 0.00 seconds
2025-04-25 12:13:29,760 - api - ERROR - Error retrieving stats: [Errno 2] No such file or directory: 'C:\\Projects\\2k_spark\\output\\upcoming_match_predictions.json'
2025-04-25 12:13:29,761 - api - INFO - get_stats executed in 0.00 seconds
2025-04-25 12:13:30,129 - api - ERROR - Error retrieving stats: [Errno 2] No such file or directory: 'C:\\Projects\\2k_spark\\output\\upcoming_match_predictions.json'
2025-04-25 12:13:30,132 - api - INFO - get_stats executed in 0.00 seconds
2025-04-25 12:13:34,070 - api - ERROR - Error retrieving stats: [Errno 2] No such file or directory: 'C:\\Projects\\2k_spark\\output\\upcoming_match_predictions.json'
2025-04-25 12:13:34,071 - api - INFO - get_stats executed in 0.00 seconds
2025-04-25 12:13:34,321 - api - ERROR - Error retrieving stats: [Errno 2] No such file or directory: 'C:\\Projects\\2k_spark\\output\\upcoming_match_predictions.json'
2025-04-25 12:13:34,321 - api - INFO - get_stats executed in 0.00 seconds
2025-04-25 12:13:52,865 - api - ERROR - Error retrieving stats: [Errno 2] No such file or directory: 'C:\\Projects\\2k_spark\\output\\upcoming_match_predictions.json'
2025-04-25 12:13:52,866 - api - INFO - get_stats executed in 0.00 seconds
2025-04-25 12:13:53,169 - api - ERROR - Error retrieving stats: [Errno 2] No such file or directory: 'C:\\Projects\\2k_spark\\output\\upcoming_match_predictions.json'
2025-04-25 12:13:53,170 - api - INFO - get_stats executed in 0.00 seconds
2025-04-25 12:13:54,873 - api - ERROR - Error retrieving stats: [Errno 2] No such file or directory: 'C:\\Projects\\2k_spark\\output\\upcoming_match_predictions.json'
2025-04-25 12:13:54,873 - api - INFO - get_stats executed in 0.00 seconds
2025-04-25 12:13:55,478 - api - ERROR - Error retrieving stats: [Errno 2] No such file or directory: 'C:\\Projects\\2k_spark\\output\\upcoming_match_predictions.json'
2025-04-25 12:13:55,478 - api - INFO - get_stats executed in 0.00 seconds
2025-04-25 12:13:59,182 - api - ERROR - Error retrieving stats: [Errno 2] No such file or directory: 'C:\\Projects\\2k_spark\\output\\upcoming_match_predictions.json'
2025-04-25 12:13:59,183 - api - INFO - get_stats executed in 0.00 seconds
2025-04-25 12:13:59,482 - api - ERROR - Error retrieving stats: [Errno 2] No such file or directory: 'C:\\Projects\\2k_spark\\output\\upcoming_match_predictions.json'
2025-04-25 12:13:59,483 - api - INFO - get_stats executed in 0.00 seconds
2025-04-25 12:14:20,231 - api - ERROR - Error retrieving predictions: [Errno 2] No such file or directory: 'C:\\Projects\\2k_spark\\output\\upcoming_match_predictions.json'
2025-04-25 12:14:20,232 - api - INFO - get_predictions executed in 0.00 seconds
2025-04-25 12:14:20,283 - api - ERROR - Error retrieving predictions: [Errno 2] No such file or directory: 'C:\\Projects\\2k_spark\\output\\upcoming_match_predictions.json'
2025-04-25 12:14:20,283 - api - INFO - get_predictions executed in 0.00 seconds
2025-04-25 12:14:22,236 - api - ERROR - Error retrieving predictions: [Errno 2] No such file or directory: 'C:\\Projects\\2k_spark\\output\\upcoming_match_predictions.json'
2025-04-25 12:14:22,237 - api - INFO - get_predictions executed in 0.00 seconds
2025-04-25 12:14:22,589 - api - ERROR - Error retrieving predictions: [Errno 2] No such file or directory: 'C:\\Projects\\2k_spark\\output\\upcoming_match_predictions.json'
2025-04-25 12:14:22,590 - api - INFO - get_predictions executed in 0.00 seconds
2025-04-25 12:14:26,547 - api - ERROR - Error retrieving predictions: [Errno 2] No such file or directory: 'C:\\Projects\\2k_spark\\output\\upcoming_match_predictions.json'
2025-04-25 12:14:26,548 - api - INFO - get_predictions executed in 0.00 seconds
2025-04-25 12:14:26,894 - api - ERROR - Error retrieving predictions: [Errno 2] No such file or directory: 'C:\\Projects\\2k_spark\\output\\upcoming_match_predictions.json'
2025-04-25 12:14:26,895 - api - INFO - get_predictions executed in 0.00 seconds
2025-04-25 12:14:44,272 - api - INFO - refresh_data executed in 0.02 seconds
2025-04-25 12:29:09,406 - api - INFO - get_predictions executed in 0.00 seconds
2025-04-25 12:29:09,459 - api - INFO - get_predictions executed in 0.00 seconds
2025-04-25 12:36:58,940 - api - INFO - get_predictions executed in 0.08 seconds
2025-04-25 12:36:58,940 - api - INFO - get_predictions executed in 0.04 seconds
2025-04-25 12:37:11,781 - api - INFO - get_predictions executed in 0.00 seconds
2025-04-25 12:37:15,535 - api - INFO - get_stats executed in 0.00 seconds
2025-04-25 12:37:20,769 - api - INFO - get_prediction_history executed in 0.00 seconds
2025-04-25 12:37:24,827 - api - INFO - get_score_predictions executed in 0.00 seconds
2025-04-25 12:37:39,818 - api - INFO - get_predictions executed in 0.00 seconds
2025-04-25 12:37:40,117 - api - INFO - get_predictions executed in 0.00 seconds
2025-04-25 12:58:57,109 - api - INFO - get_predictions executed in 0.17 seconds
2025-04-25 12:59:04,935 - api - INFO - get_stats executed in 0.00 seconds
2025-04-25 12:59:14,946 - api - INFO - get_prediction_history executed in 0.01 seconds
2025-04-25 12:59:20,715 - api - INFO - get_score_predictions executed in 0.00 seconds
2025-04-25 12:59:46,339 - api - INFO - get_score_predictions executed in 0.00 seconds
2025-04-25 12:59:50,410 - api - INFO - get_predictions executed in 0.00 seconds
2025-04-25 12:59:50,716 - api - INFO - get_predictions executed in 0.00 seconds
2025-04-25 12:59:54,104 - api - INFO - get_predictions executed in 0.00 seconds
2025-04-25 12:59:54,158 - api - INFO - get_predictions executed in 0.00 seconds
2025-04-25 13:01:10,139 - api - INFO - get_score_predictions executed in 0.00 seconds
2025-04-25 13:01:10,191 - api - INFO - get_score_predictions executed in 0.00 seconds
2025-04-25 13:01:11,574 - api - INFO - get_prediction_history executed in 0.01 seconds
2025-04-25 13:01:11,873 - api - INFO - get_prediction_history executed in 0.00 seconds
2025-04-25 13:02:05,037 - api - INFO - get_predictions executed in 0.00 seconds
2025-04-25 13:02:11,215 - api - INFO - get_stats executed in 0.00 seconds
2025-04-25 13:02:17,704 - api - INFO - get_prediction_history executed in 0.01 seconds
2025-04-25 13:02:26,147 - api - INFO - get_score_predictions executed in 0.00 seconds
2025-04-25 13:05:41,117 - api - INFO - Loaded 30 upcoming matches from C:\Projects\2k_spark\output\upcoming_matches.json
2025-04-25 13:05:41,232 - api - INFO - Returning 0 future matches
2025-04-25 13:05:41,233 - api - INFO - get_upcoming_matches executed in 0.12 seconds
2025-04-25 13:05:46,722 - api - INFO - Loaded statistics for 94 players from C:\Projects\2k_spark\output\player_stats.json
2025-04-25 13:05:46,723 - api - INFO - Returning statistics for 94 players
2025-04-25 13:05:46,742 - api - INFO - get_player_stats executed in 0.05 seconds
2025-04-25 13:05:54,609 - api - INFO - Loaded 30 predictions from C:\Projects\2k_spark\output\upcoming_match_predictions.json
2025-04-25 13:05:54,610 - api - INFO - Returning 0 future matches
2025-04-25 13:05:54,611 - api - INFO - get_predictions executed in 0.00 seconds
2025-04-25 13:06:23,773 - api - INFO - get_prediction_history executed in 0.00 seconds
2025-04-25 13:06:23,825 - api - INFO - get_prediction_history executed in 0.00 seconds
2025-04-25 13:07:00,477 - api - INFO - get_prediction_history executed in 0.00 seconds
2025-04-25 13:07:00,728 - api - INFO - get_prediction_history executed in 0.00 seconds
2025-04-25 13:07:45,740 - api - INFO - Loaded 30 upcoming matches from C:\Projects\2k_spark\output\upcoming_matches.json
2025-04-25 13:07:45,831 - api - INFO - Returning 0 future matches
2025-04-25 13:07:45,832 - api - INFO - get_upcoming_matches executed in 0.09 seconds
2025-04-25 13:07:51,569 - api - INFO - Loaded statistics for 94 players from C:\Projects\2k_spark\output\player_stats.json
2025-04-25 13:07:51,570 - api - INFO - Returning statistics for 94 players
2025-04-25 13:07:51,581 - api - INFO - get_player_stats executed in 0.02 seconds
2025-04-25 13:08:02,472 - api - INFO - get_prediction_history executed in 0.01 seconds
2025-04-25 13:08:35,019 - api - INFO - get_prediction_history executed in 0.00 seconds
2025-04-25 13:09:00,348 - api - INFO - get_prediction_history executed in 0.00 seconds
2025-04-25 13:09:14,535 - api - INFO - get_prediction_history executed in 0.00 seconds
2025-04-25 13:09:21,411 - api - INFO - get_prediction_history executed in 0.00 seconds
2025-04-25 13:09:27,601 - api - INFO - get_prediction_history executed in 0.00 seconds
2025-04-25 13:09:41,415 - api - INFO - get_prediction_history executed in 0.00 seconds
2025-04-25 13:10:22,173 - api - INFO - get_prediction_history executed in 0.01 seconds
2025-04-25 13:11:02,957 - api - INFO - get_prediction_history executed in 0.00 seconds
2025-04-25 13:11:25,563 - api - INFO - Loaded 30 upcoming matches from C:\Projects\2k_spark\output\upcoming_matches.json
2025-04-25 13:11:25,563 - api - INFO - Returning 0 future matches
2025-04-25 13:11:25,564 - api - INFO - get_upcoming_matches executed in 0.00 seconds
2025-04-25 13:13:12,017 - api - INFO - Loaded statistics for 94 players from C:\Projects\2k_spark\output\player_stats.json
2025-04-25 13:13:12,018 - api - INFO - Returning statistics for 94 players
2025-04-25 13:13:12,026 - api - INFO - get_player_stats executed in 0.02 seconds
2025-04-25 13:13:12,067 - api - INFO - get_prediction_history executed in 0.00 seconds
2025-04-25 13:13:24,909 - api - INFO - Loaded statistics for 94 players from C:\Projects\2k_spark\output\player_stats.json
2025-04-25 13:13:24,910 - api - INFO - Returning statistics for 94 players
2025-04-25 13:13:24,917 - api - INFO - get_player_stats executed in 0.01 seconds
2025-04-25 13:13:56,072 - api - INFO - get_prediction_history executed in 0.00 seconds
2025-04-25 13:14:00,947 - api - INFO - Loaded statistics for 94 players from C:\Projects\2k_spark\output\player_stats.json
2025-04-25 13:14:00,948 - api - INFO - Returning statistics for 94 players
2025-04-25 13:14:00,959 - api - INFO - get_player_stats executed in 0.02 seconds
2025-04-25 13:14:26,853 - api - INFO - Loaded 30 predictions from C:\Projects\2k_spark\output\upcoming_match_predictions.json
2025-04-25 13:14:26,854 - api - INFO - Returning 0 future matches
2025-04-25 13:14:26,857 - api - INFO - get_predictions executed in 0.00 seconds
2025-04-25 13:14:27,166 - api - INFO - Loaded 30 predictions from C:\Projects\2k_spark\output\upcoming_match_predictions.json
2025-04-25 13:14:27,167 - api - INFO - Returning 0 future matches
2025-04-25 13:14:27,169 - api - INFO - get_predictions executed in 0.00 seconds
2025-04-25 13:15:18,369 - api - INFO - Loaded 30 predictions from C:\Projects\2k_spark\output\upcoming_match_predictions.json
2025-04-25 13:15:18,370 - api - INFO - Returning 0 future matches
2025-04-25 13:15:18,371 - api - INFO - get_predictions executed in 0.00 seconds
2025-04-25 13:15:25,263 - api - INFO - Loaded 30 upcoming matches from C:\Projects\2k_spark\output\upcoming_matches.json
2025-04-25 13:15:25,264 - api - INFO - Returning 0 future matches
2025-04-25 13:15:25,265 - api - INFO - get_upcoming_matches executed in 0.00 seconds
2025-04-25 13:16:37,723 - api - INFO - Loaded 30 predictions from C:\Projects\2k_spark\output\upcoming_match_predictions.json
2025-04-25 13:16:37,727 - api - INFO - Returning 0 future matches
2025-04-25 13:16:37,728 - api - INFO - get_predictions executed in 0.01 seconds
2025-04-25 13:18:18,134 - api - INFO - Loaded 30 predictions from C:\Projects\2k_spark\output\upcoming_match_predictions.json
2025-04-25 13:18:18,137 - api - INFO - Returning 30 matches
2025-04-25 13:18:18,142 - api - INFO - get_predictions executed in 0.01 seconds
2025-04-25 13:18:25,065 - api - INFO - Loaded 30 predictions from C:\Projects\2k_spark\output\upcoming_match_predictions.json
2025-04-25 13:18:25,066 - api - INFO - Returning 30 matches
2025-04-25 13:18:25,067 - api - INFO - get_predictions executed in 0.00 seconds
2025-04-25 13:18:48,956 - api - INFO - Loaded 30 upcoming matches from C:\Projects\2k_spark\output\upcoming_matches.json
2025-04-25 13:18:48,956 - api - INFO - Returning 30 matches
2025-04-25 13:18:48,957 - api - INFO - get_upcoming_matches executed in 0.00 seconds
2025-04-25 13:18:49,258 - api - INFO - Loaded 30 upcoming matches from C:\Projects\2k_spark\output\upcoming_matches.json
2025-04-25 13:18:49,259 - api - INFO - Returning 30 matches
2025-04-25 13:18:49,260 - api - INFO - get_upcoming_matches executed in 0.00 seconds
2025-04-25 13:18:55,959 - api - INFO - Loaded statistics for 94 players from C:\Projects\2k_spark\output\player_stats.json
2025-04-25 13:18:55,961 - api - INFO - Returning statistics for 94 players
2025-04-25 13:18:55,979 - api - INFO - get_player_stats executed in 0.04 seconds
2025-04-25 13:18:56,007 - api - INFO - Loaded statistics for 94 players from C:\Projects\2k_spark\output\player_stats.json
2025-04-25 13:18:56,008 - api - INFO - Returning statistics for 94 players
2025-04-25 13:18:56,019 - api - INFO - get_player_stats executed in 0.02 seconds
2025-04-25 13:19:07,317 - api - INFO - Loaded 30 predictions from C:\Projects\2k_spark\output\upcoming_match_predictions.json
2025-04-25 13:19:07,318 - api - INFO - Returning 30 matches
2025-04-25 13:19:07,323 - api - INFO - Retrieved score model accuracy: 4.075830549721303
2025-04-25 13:19:07,326 - api - INFO - get_score_predictions executed in 0.01 seconds
2025-04-25 13:19:07,636 - api - INFO - Loaded 30 predictions from C:\Projects\2k_spark\output\upcoming_match_predictions.json
2025-04-25 13:19:07,636 - api - INFO - Returning 30 matches
2025-04-25 13:19:07,638 - api - INFO - Retrieved score model accuracy: 4.075830549721303
2025-04-25 13:19:07,639 - api - INFO - get_score_predictions executed in 0.00 seconds
2025-04-25 13:19:35,815 - api - INFO - Loaded statistics for 94 players from C:\Projects\2k_spark\output\player_stats.json
2025-04-25 13:19:35,816 - api - INFO - Returning statistics for 94 players
2025-04-25 13:19:35,832 - api - INFO - get_player_stats executed in 0.03 seconds
2025-04-25 13:19:35,879 - api - INFO - Loaded statistics for 94 players from C:\Projects\2k_spark\output\player_stats.json
2025-04-25 13:19:35,880 - api - INFO - Returning statistics for 94 players
2025-04-25 13:19:35,891 - api - INFO - get_player_stats executed in 0.03 seconds
2025-04-25 13:19:46,697 - api - INFO - get_prediction_history executed in 0.00 seconds
2025-04-25 13:19:46,997 - api - INFO - get_prediction_history executed in 0.00 seconds
2025-04-25 13:20:20,180 - api - INFO - get_prediction_history executed in 0.00 seconds
2025-04-25 13:20:20,238 - api - INFO - get_prediction_history executed in 0.00 seconds
2025-04-25 13:21:06,087 - api - INFO - get_prediction_history executed in 0.00 seconds
2025-04-25 13:21:21,846 - api - INFO - get_prediction_history executed in 0.01 seconds
2025-04-25 13:21:22,094 - api - INFO - get_prediction_history executed in 0.00 seconds
2025-04-25 13:21:32,931 - api - INFO - get_prediction_history executed in 0.00 seconds
2025-04-25 13:21:35,028 - api - INFO - Loaded 30 predictions from C:\Projects\2k_spark\output\upcoming_match_predictions.json
2025-04-25 13:21:35,028 - api - INFO - Returning 30 matches
2025-04-25 13:21:35,030 - api - INFO - get_predictions executed in 0.00 seconds
2025-04-25 13:21:35,332 - api - INFO - Loaded 30 predictions from C:\Projects\2k_spark\output\upcoming_match_predictions.json
2025-04-25 13:21:35,333 - api - INFO - Returning 30 matches
2025-04-25 13:21:35,338 - api - INFO - get_predictions executed in 0.01 seconds
2025-04-25 13:21:42,063 - api - INFO - Loaded 30 upcoming matches from C:\Projects\2k_spark\output\upcoming_matches.json
2025-04-25 13:21:42,064 - api - INFO - Returning 30 matches
2025-04-25 13:21:42,065 - api - INFO - get_upcoming_matches executed in 0.00 seconds
2025-04-25 13:21:42,115 - api - INFO - Loaded 30 upcoming matches from C:\Projects\2k_spark\output\upcoming_matches.json
2025-04-25 13:21:42,115 - api - INFO - Returning 30 matches
2025-04-25 13:21:42,116 - api - INFO - get_upcoming_matches executed in 0.00 seconds
2025-04-25 13:21:47,254 - api - INFO - Loaded 30 predictions from C:\Projects\2k_spark\output\upcoming_match_predictions.json
2025-04-25 13:21:47,254 - api - INFO - Returning 30 matches
2025-04-25 13:21:47,256 - api - INFO - Retrieved score model accuracy: 4.075830549721303
2025-04-25 13:21:47,257 - api - INFO - get_score_predictions executed in 0.00 seconds
2025-04-25 13:21:47,563 - api - INFO - Loaded 30 predictions from C:\Projects\2k_spark\output\upcoming_match_predictions.json
2025-04-25 13:21:47,564 - api - INFO - Returning 30 matches
2025-04-25 13:21:47,567 - api - INFO - Retrieved score model accuracy: 4.075830549721303
2025-04-25 13:21:47,568 - api - INFO - get_score_predictions executed in 0.01 seconds
2025-04-25 13:21:55,303 - api - INFO - get_prediction_history executed in 0.00 seconds
2025-04-25 13:21:55,613 - api - INFO - get_prediction_history executed in 0.01 seconds
2025-04-25 13:22:01,678 - api - INFO - get_stats executed in 0.01 seconds
2025-04-25 13:22:01,727 - api - INFO - get_stats executed in 0.00 seconds
2025-04-25 13:23:59,715 - api - INFO - Loaded 30 predictions from C:\Projects\2k_spark\output\upcoming_match_predictions.json
2025-04-25 13:23:59,720 - api - INFO - Returning 30 matches
2025-04-25 13:23:59,722 - api - INFO - get_predictions executed in 0.01 seconds
2025-04-25 13:24:03,284 - api - INFO - Loaded 30 upcoming matches from C:\Projects\2k_spark\output\upcoming_matches.json
2025-04-25 13:24:03,286 - api - INFO - Returning 30 matches
2025-04-25 13:24:03,291 - api - INFO - get_upcoming_matches executed in 0.01 seconds
2025-04-25 13:24:03,588 - api - INFO - Loaded 30 upcoming matches from C:\Projects\2k_spark\output\upcoming_matches.json
2025-04-25 13:24:03,589 - api - INFO - Returning 30 matches
2025-04-25 13:24:03,590 - api - INFO - get_upcoming_matches executed in 0.00 seconds
2025-04-25 13:24:05,888 - api - INFO - Loaded 30 predictions from C:\Projects\2k_spark\output\upcoming_match_predictions.json
2025-04-25 13:24:05,888 - api - INFO - Returning 30 matches
2025-04-25 13:24:05,889 - api - INFO - get_predictions executed in 0.00 seconds
2025-04-25 13:24:05,944 - api - INFO - Loaded 30 predictions from C:\Projects\2k_spark\output\upcoming_match_predictions.json
2025-04-25 13:24:05,944 - api - INFO - Returning 30 matches
2025-04-25 13:24:05,945 - api - INFO - get_predictions executed in 0.00 seconds
2025-04-25 13:24:57,110 - api - INFO - Loaded 30 upcoming matches from C:\Projects\2k_spark\output\upcoming_matches.json
2025-04-25 13:24:57,112 - api - INFO - Returning 30 matches
2025-04-25 13:24:57,116 - api - INFO - get_upcoming_matches executed in 0.01 seconds
2025-04-25 13:25:20,506 - api - INFO - Loaded 30 upcoming matches from C:\Projects\2k_spark\output\upcoming_matches.json
2025-04-25 13:25:20,507 - api - INFO - Returning 30 matches
2025-04-25 13:25:20,507 - api - INFO - get_upcoming_matches executed in 0.00 seconds
2025-04-25 13:26:16,837 - api - INFO - Loaded 30 predictions from C:\Projects\2k_spark\output\upcoming_match_predictions.json
2025-04-25 13:26:16,838 - api - INFO - Returning 30 matches
2025-04-25 13:26:16,841 - api - INFO - get_predictions executed in 0.00 seconds
2025-04-25 13:26:17,144 - api - INFO - Loaded 30 predictions from C:\Projects\2k_spark\output\upcoming_match_predictions.json
2025-04-25 13:26:17,146 - api - INFO - Returning 30 matches
2025-04-25 13:26:17,149 - api - INFO - get_predictions executed in 0.01 seconds
2025-04-25 13:26:19,846 - api - INFO - Loaded 30 upcoming matches from C:\Projects\2k_spark\output\upcoming_matches.json
2025-04-25 13:26:19,846 - api - INFO - Returning 30 matches
2025-04-25 13:26:19,847 - api - INFO - get_upcoming_matches executed in 0.00 seconds
2025-04-25 13:26:19,901 - api - INFO - Loaded 30 upcoming matches from C:\Projects\2k_spark\output\upcoming_matches.json
2025-04-25 13:26:19,901 - api - INFO - Returning 30 matches
2025-04-25 13:26:19,902 - api - INFO - get_upcoming_matches executed in 0.00 seconds
2025-04-25 13:26:22,126 - api - INFO - Loaded statistics for 94 players from C:\Projects\2k_spark\output\player_stats.json
2025-04-25 13:26:22,127 - api - INFO - Returning statistics for 94 players
2025-04-25 13:26:22,147 - api - INFO - get_player_stats executed in 0.04 seconds
2025-04-25 13:26:22,418 - api - INFO - Loaded statistics for 94 players from C:\Projects\2k_spark\output\player_stats.json
2025-04-25 13:26:22,419 - api - INFO - Returning statistics for 94 players
2025-04-25 13:26:22,429 - api - INFO - get_player_stats executed in 0.02 seconds
2025-04-25 13:26:33,482 - api - INFO - Loaded 30 predictions from C:\Projects\2k_spark\output\upcoming_match_predictions.json
2025-04-25 13:26:33,482 - api - INFO - Returning 30 matches
2025-04-25 13:26:33,483 - api - INFO - Retrieved score model accuracy: 4.075830549721303
2025-04-25 13:26:33,484 - api - INFO - get_score_predictions executed in 0.00 seconds
2025-04-25 13:26:33,545 - api - INFO - Loaded 30 predictions from C:\Projects\2k_spark\output\upcoming_match_predictions.json
2025-04-25 13:26:33,545 - api - INFO - Returning 30 matches
2025-04-25 13:26:33,546 - api - INFO - Retrieved score model accuracy: 4.075830549721303
2025-04-25 13:26:33,547 - api - INFO - get_score_predictions executed in 0.00 seconds
2025-04-25 13:26:41,896 - api - INFO - get_prediction_history executed in 0.01 seconds
2025-04-25 13:26:42,216 - api - INFO - get_prediction_history executed in 0.01 seconds
2025-04-25 13:27:16,557 - api - INFO - Loaded 30 upcoming matches from C:\Projects\2k_spark\output\upcoming_matches.json
2025-04-25 13:27:16,558 - api - INFO - Returning 30 matches
2025-04-25 13:27:16,559 - api - INFO - get_upcoming_matches executed in 0.00 seconds
2025-04-25 13:27:16,615 - api - INFO - Loaded 30 upcoming matches from C:\Projects\2k_spark\output\upcoming_matches.json
2025-04-25 13:27:16,616 - api - INFO - Returning 30 matches
2025-04-25 13:27:16,616 - api - INFO - get_upcoming_matches executed in 0.00 seconds
2025-04-25 13:27:35,032 - api - INFO - get_stats executed in 0.01 seconds
2025-04-25 13:27:35,347 - api - INFO - get_stats executed in 0.01 seconds
2025-04-25 13:27:36,453 - api - INFO - refresh_data executed in 0.02 seconds
2025-04-25 13:27:41,819 - api - INFO - get_prediction_history executed in 0.00 seconds
2025-04-25 13:27:42,131 - api - INFO - get_prediction_history executed in 0.00 seconds
2025-04-25 13:27:48,536 - api - INFO - Loaded 30 predictions from C:\Projects\2k_spark\output\upcoming_match_predictions.json
2025-04-25 13:27:48,536 - api - INFO - Returning 30 matches
2025-04-25 13:27:48,537 - api - INFO - get_predictions executed in 0.00 seconds
2025-04-25 13:27:48,591 - api - INFO - Loaded 30 predictions from C:\Projects\2k_spark\output\upcoming_match_predictions.json
2025-04-25 13:27:48,592 - api - INFO - Returning 30 matches
2025-04-25 13:27:48,593 - api - INFO - get_predictions executed in 0.00 seconds
2025-04-25 13:27:52,558 - api - INFO - Loaded 30 predictions from C:\Projects\2k_spark\output\upcoming_match_predictions.json
2025-04-25 13:27:52,562 - api - INFO - Returning 30 matches
2025-04-25 13:27:52,565 - api - INFO - get_predictions executed in 0.01 seconds
2025-04-25 13:27:52,874 - api - INFO - Loaded 30 predictions from C:\Projects\2k_spark\output\upcoming_match_predictions.json
2025-04-25 13:27:52,876 - api - INFO - Returning 30 matches
2025-04-25 13:27:52,879 - api - INFO - get_predictions executed in 0.01 seconds
2025-04-25 13:38:00,749 - api - INFO - Loaded 30 predictions from C:\Projects\2k_spark\output\upcoming_match_predictions.json
2025-04-25 13:38:00,750 - api - INFO - Returning 30 matches
2025-04-25 13:38:00,754 - api - INFO - get_predictions executed in 0.01 seconds
2025-04-25 13:38:00,802 - api - INFO - Loaded 30 predictions from C:\Projects\2k_spark\output\upcoming_match_predictions.json
2025-04-25 13:38:00,803 - api - INFO - Returning 30 matches
2025-04-25 13:38:00,804 - api - INFO - get_predictions executed in 0.00 seconds
2025-04-25 13:38:12,309 - api - INFO - Loaded 30 upcoming matches from C:\Projects\2k_spark\output\upcoming_matches.json
2025-04-25 13:38:12,310 - api - INFO - Returning 30 matches
2025-04-25 13:38:12,312 - api - INFO - get_upcoming_matches executed in 0.01 seconds
2025-04-25 13:38:12,608 - api - INFO - Loaded 30 upcoming matches from C:\Projects\2k_spark\output\upcoming_matches.json
2025-04-25 13:38:12,609 - api - INFO - Returning 30 matches
2025-04-25 13:38:12,610 - api - INFO - get_upcoming_matches executed in 0.00 seconds
2025-04-25 13:38:17,188 - api - INFO - Loaded statistics for 94 players from C:\Projects\2k_spark\output\player_stats.json
2025-04-25 13:38:17,189 - api - INFO - Returning statistics for 94 players
2025-04-25 13:38:17,207 - api - INFO - get_player_stats executed in 0.03 seconds
2025-04-25 13:38:17,231 - api - INFO - Loaded statistics for 94 players from C:\Projects\2k_spark\output\player_stats.json
2025-04-25 13:38:17,232 - api - INFO - Returning statistics for 94 players
2025-04-25 13:38:17,238 - api - INFO - get_player_stats executed in 0.01 seconds
2025-04-25 13:38:33,607 - api - INFO - Loaded 30 predictions from C:\Projects\2k_spark\output\upcoming_match_predictions.json
2025-04-25 13:38:33,609 - api - INFO - Returning 30 matches
2025-04-25 13:38:33,611 - api - INFO - Retrieved score model accuracy: 4.075830549721303
2025-04-25 13:38:33,613 - api - INFO - get_score_predictions executed in 0.01 seconds
2025-04-25 13:38:33,922 - api - INFO - Loaded 30 predictions from C:\Projects\2k_spark\output\upcoming_match_predictions.json
2025-04-25 13:38:33,924 - api - INFO - Returning 30 matches
2025-04-25 13:38:33,928 - api - INFO - Retrieved score model accuracy: 4.075830549721303
2025-04-25 13:38:33,932 - api - INFO - get_score_predictions executed in 0.01 seconds
2025-04-25 13:39:00,446 - api - INFO - get_prediction_history executed in 0.00 seconds
2025-04-25 13:39:00,500 - api - INFO - get_prediction_history executed in 0.00 seconds
2025-04-25 13:39:11,484 - api - INFO - get_stats executed in 0.01 seconds
2025-04-25 13:39:11,797 - api - INFO - get_stats executed in 0.01 seconds
2025-04-25 13:39:13,690 - api - INFO - Loaded 30 upcoming matches from C:\Projects\2k_spark\output\upcoming_matches.json
2025-04-25 13:39:13,690 - api - INFO - Returning 30 matches
2025-04-25 13:39:13,692 - api - INFO - get_upcoming_matches executed in 0.00 seconds
2025-04-25 13:39:13,998 - api - INFO - Loaded 30 upcoming matches from C:\Projects\2k_spark\output\upcoming_matches.json
2025-04-25 13:39:13,998 - api - INFO - Returning 30 matches
2025-04-25 13:39:13,999 - api - INFO - get_upcoming_matches executed in 0.00 seconds
2025-04-25 13:39:15,917 - api - INFO - Loaded 30 predictions from C:\Projects\2k_spark\output\upcoming_match_predictions.json
2025-04-25 13:39:15,918 - api - INFO - Returning 30 matches
2025-04-25 13:39:15,919 - api - INFO - get_predictions executed in 0.00 seconds
2025-04-25 13:39:15,972 - api - INFO - Loaded 30 predictions from C:\Projects\2k_spark\output\upcoming_match_predictions.json
2025-04-25 13:39:15,973 - api - INFO - Returning 30 matches
2025-04-25 13:39:15,974 - api - INFO - get_predictions executed in 0.00 seconds
2025-04-25 13:41:09,271 - api - INFO - Loaded 30 predictions from C:\Projects\2k_spark\output\upcoming_match_predictions.json
2025-04-25 13:41:09,272 - api - INFO - Returning 30 matches
2025-04-25 13:41:09,273 - api - INFO - get_predictions executed in 0.00 seconds
2025-04-25 13:41:09,328 - api - INFO - Loaded 30 predictions from C:\Projects\2k_spark\output\upcoming_match_predictions.json
2025-04-25 13:41:09,329 - api - INFO - Returning 30 matches
2025-04-25 13:41:09,329 - api - INFO - get_predictions executed in 0.00 seconds
2025-04-25 13:43:07,371 - api - INFO - Loaded 30 predictions from C:\Projects\2k_spark\output\upcoming_match_predictions.json
2025-04-25 13:43:07,371 - api - INFO - Returning 30 matches
2025-04-25 13:43:07,372 - api - INFO - get_predictions executed in 0.00 seconds
2025-04-25 13:43:07,464 - api - INFO - Loaded 30 predictions from C:\Projects\2k_spark\output\upcoming_match_predictions.json
2025-04-25 13:43:07,467 - api - INFO - Returning 30 matches
2025-04-25 13:43:07,468 - api - INFO - get_predictions executed in 0.00 seconds
2025-04-25 13:43:07,677 - api - INFO - Loaded 30 upcoming matches from C:\Projects\2k_spark\output\upcoming_matches.json
2025-04-25 13:43:07,677 - api - INFO - Returning 30 matches
2025-04-25 13:43:07,678 - api - INFO - get_upcoming_matches executed in 0.00 seconds
2025-04-25 13:43:07,727 - api - INFO - Loaded 30 upcoming matches from C:\Projects\2k_spark\output\upcoming_matches.json
2025-04-25 13:43:07,728 - api - INFO - Returning 30 matches
2025-04-25 13:43:07,729 - api - INFO - get_upcoming_matches executed in 0.00 seconds
2025-04-25 13:43:19,653 - api - INFO - Loaded 30 predictions from C:\Projects\2k_spark\output\upcoming_match_predictions.json
2025-04-25 13:43:19,653 - api - INFO - Returning 30 matches
2025-04-25 13:43:19,655 - api - INFO - get_predictions executed in 0.00 seconds
2025-04-25 13:43:19,954 - api - INFO - Loaded 30 predictions from C:\Projects\2k_spark\output\upcoming_match_predictions.json
2025-04-25 13:43:19,955 - api - INFO - Returning 30 matches
2025-04-25 13:43:19,957 - api - INFO - get_predictions executed in 0.00 seconds
2025-04-25 13:44:37,304 - api - INFO - Loaded 30 predictions from C:\Projects\2k_spark\output\upcoming_match_predictions.json
2025-04-25 13:44:37,305 - api - INFO - Returning 30 matches
2025-04-25 13:44:37,307 - api - INFO - get_predictions executed in 0.00 seconds
2025-04-25 13:44:37,358 - api - INFO - Loaded 30 predictions from C:\Projects\2k_spark\output\upcoming_match_predictions.json
2025-04-25 13:44:37,359 - api - INFO - Returning 30 matches
2025-04-25 13:44:37,360 - api - INFO - get_predictions executed in 0.00 seconds
2025-04-25 13:44:40,085 - api - INFO - Loaded 30 upcoming matches from C:\Projects\2k_spark\output\upcoming_matches.json
2025-04-25 13:44:40,085 - api - INFO - Returning 30 matches
2025-04-25 13:44:40,086 - api - INFO - get_upcoming_matches executed in 0.00 seconds
2025-04-25 13:44:40,391 - api - INFO - Loaded 30 upcoming matches from C:\Projects\2k_spark\output\upcoming_matches.json
2025-04-25 13:44:40,391 - api - INFO - Returning 30 matches
2025-04-25 13:44:40,392 - api - INFO - get_upcoming_matches executed in 0.00 seconds
2025-04-25 13:44:44,500 - api - INFO - Loaded statistics for 94 players from C:\Projects\2k_spark\output\player_stats.json
2025-04-25 13:44:44,501 - api - INFO - Returning statistics for 94 players
2025-04-25 13:44:44,507 - api - INFO - get_player_stats executed in 0.01 seconds
2025-04-25 13:44:44,553 - api - INFO - Loaded statistics for 94 players from C:\Projects\2k_spark\output\player_stats.json
2025-04-25 13:44:44,554 - api - INFO - Returning statistics for 94 players
2025-04-25 13:44:44,560 - api - INFO - get_player_stats executed in 0.01 seconds
2025-04-25 13:44:49,608 - api - INFO - Loaded 30 predictions from C:\Projects\2k_spark\output\upcoming_match_predictions.json
2025-04-25 13:44:49,608 - api - INFO - Returning 30 matches
2025-04-25 13:44:49,610 - api - INFO - Retrieved score model accuracy: 4.075830549721303
2025-04-25 13:44:49,610 - api - INFO - get_score_predictions executed in 0.01 seconds
2025-04-25 13:44:49,905 - api - INFO - Loaded 30 predictions from C:\Projects\2k_spark\output\upcoming_match_predictions.json
2025-04-25 13:44:49,906 - api - INFO - Returning 30 matches
2025-04-25 13:44:49,907 - api - INFO - Retrieved score model accuracy: 4.075830549721303
2025-04-25 13:44:49,907 - api - INFO - get_score_predictions executed in 0.00 seconds
2025-04-25 13:45:07,318 - api - INFO - Loaded 30 predictions from C:\Projects\2k_spark\output\upcoming_match_predictions.json
2025-04-25 13:45:07,318 - api - INFO - Returning 30 matches
2025-04-25 13:45:07,320 - api - INFO - get_predictions executed in 0.00 seconds
2025-04-25 13:45:19,998 - api - INFO - Loaded 30 upcoming matches from C:\Projects\2k_spark\output\upcoming_matches.json
2025-04-25 13:45:19,998 - api - INFO - Returning 30 matches
2025-04-25 13:45:19,999 - api - INFO - get_upcoming_matches executed in 0.00 seconds
2025-04-25 13:45:20,302 - api - INFO - Loaded 30 upcoming matches from C:\Projects\2k_spark\output\upcoming_matches.json
2025-04-25 13:45:20,302 - api - INFO - Returning 30 matches
2025-04-25 13:45:20,303 - api - INFO - get_upcoming_matches executed in 0.00 seconds
2025-04-25 13:45:22,927 - api - INFO - Loaded statistics for 94 players from C:\Projects\2k_spark\output\player_stats.json
2025-04-25 13:45:22,928 - api - INFO - Returning statistics for 94 players
2025-04-25 13:45:22,937 - api - INFO - get_player_stats executed in 0.02 seconds
2025-04-25 13:45:22,978 - api - INFO - Loaded statistics for 94 players from C:\Projects\2k_spark\output\player_stats.json
2025-04-25 13:45:22,979 - api - INFO - Returning statistics for 94 players
2025-04-25 13:45:22,985 - api - INFO - get_player_stats executed in 0.01 seconds
2025-04-25 13:45:38,413 - api - INFO - Loaded 30 predictions from C:\Projects\2k_spark\output\upcoming_match_predictions.json
2025-04-25 13:45:38,414 - api - INFO - Returning 30 matches
2025-04-25 13:45:38,416 - api - INFO - Retrieved score model accuracy: 4.075830549721303
2025-04-25 13:45:38,417 - api - INFO - get_score_predictions executed in 0.00 seconds
2025-04-25 13:45:38,716 - api - INFO - Loaded 30 predictions from C:\Projects\2k_spark\output\upcoming_match_predictions.json
2025-04-25 13:45:38,716 - api - INFO - Returning 30 matches
2025-04-25 13:45:38,717 - api - INFO - Retrieved score model accuracy: 4.075830549721303
2025-04-25 13:45:38,718 - api - INFO - get_score_predictions executed in 0.00 seconds
2025-04-25 13:46:19,459 - api - INFO - Loaded statistics for 94 players from C:\Projects\2k_spark\output\player_stats.json
2025-04-25 13:46:19,460 - api - INFO - Returning statistics for 94 players
2025-04-25 13:46:19,466 - api - INFO - get_player_stats executed in 0.01 seconds
2025-04-25 13:46:19,513 - api - INFO - Loaded statistics for 94 players from C:\Projects\2k_spark\output\player_stats.json
2025-04-25 13:46:19,513 - api - INFO - Returning statistics for 94 players
2025-04-25 13:46:19,519 - api - INFO - get_player_stats executed in 0.01 seconds
2025-04-25 13:46:36,221 - api - INFO - Loaded 30 upcoming matches from C:\Projects\2k_spark\output\upcoming_matches.json
2025-04-25 13:46:36,221 - api - INFO - Returning 30 matches
2025-04-25 13:46:36,225 - api - INFO - get_upcoming_matches executed in 0.01 seconds
2025-04-25 13:46:36,524 - api - INFO - Loaded 30 upcoming matches from C:\Projects\2k_spark\output\upcoming_matches.json
2025-04-25 13:46:36,525 - api - INFO - Returning 30 matches
2025-04-25 13:46:36,526 - api - INFO - get_upcoming_matches executed in 0.00 seconds
2025-04-25 13:46:39,634 - api - INFO - Loaded 30 predictions from C:\Projects\2k_spark\output\upcoming_match_predictions.json
2025-04-25 13:46:39,635 - api - INFO - Returning 30 matches
2025-04-25 13:46:39,636 - api - INFO - get_predictions executed in 0.00 seconds
2025-04-25 13:46:39,690 - api - INFO - Loaded 30 predictions from C:\Projects\2k_spark\output\upcoming_match_predictions.json
2025-04-25 13:46:39,691 - api - INFO - Returning 30 matches
2025-04-25 13:46:39,692 - api - INFO - get_predictions executed in 0.00 seconds
2025-04-25 13:49:21,864 - api - INFO - Loaded 30 predictions from C:\Projects\2k_spark\output\upcoming_match_predictions.json
2025-04-25 13:49:21,864 - api - INFO - Returning 30 matches
2025-04-25 13:49:21,866 - api - INFO - get_predictions executed in 0.00 seconds
2025-04-25 13:49:39,252 - api - INFO - Loaded 30 upcoming matches from C:\Projects\2k_spark\output\upcoming_matches.json
2025-04-25 13:49:39,253 - api - INFO - Returning 30 matches
2025-04-25 13:49:39,254 - api - INFO - get_upcoming_matches executed in 0.00 seconds
2025-04-25 13:49:39,550 - api - INFO - Loaded 30 upcoming matches from C:\Projects\2k_spark\output\upcoming_matches.json
2025-04-25 13:49:39,552 - api - INFO - Returning 30 matches
2025-04-25 13:49:39,553 - api - INFO - get_upcoming_matches executed in 0.00 seconds
2025-04-25 13:49:44,319 - api - INFO - Loaded statistics for 94 players from C:\Projects\2k_spark\output\player_stats.json
2025-04-25 13:49:44,320 - api - INFO - Returning statistics for 94 players
2025-04-25 13:49:44,333 - api - INFO - get_player_stats executed in 0.02 seconds
2025-04-25 13:49:44,366 - api - INFO - Loaded statistics for 94 players from C:\Projects\2k_spark\output\player_stats.json
2025-04-25 13:49:44,367 - api - INFO - Returning statistics for 94 players
2025-04-25 13:49:44,373 - api - INFO - get_player_stats executed in 0.01 seconds
2025-04-25 13:49:58,121 - api - INFO - Loaded 30 predictions from C:\Projects\2k_spark\output\upcoming_match_predictions.json
2025-04-25 13:49:58,122 - api - INFO - Returning 30 matches
2025-04-25 13:49:58,124 - api - INFO - Retrieved score model accuracy: 4.075830549721303
2025-04-25 13:49:58,126 - api - INFO - get_score_predictions executed in 0.00 seconds
2025-04-25 13:49:58,430 - api - INFO - Loaded 30 predictions from C:\Projects\2k_spark\output\upcoming_match_predictions.json
2025-04-25 13:49:58,430 - api - INFO - Returning 30 matches
2025-04-25 13:49:58,431 - api - INFO - Retrieved score model accuracy: 4.075830549721303
2025-04-25 13:49:58,432 - api - INFO - get_score_predictions executed in 0.00 seconds
2025-04-25 13:50:04,325 - api - INFO - get_prediction_history executed in 0.00 seconds
2025-04-25 13:50:04,384 - api - INFO - get_prediction_history executed in 0.00 seconds
2025-04-25 13:50:09,814 - api - INFO - get_stats executed in 0.00 seconds
2025-04-25 13:50:10,129 - api - INFO - get_stats executed in 0.00 seconds
2025-04-25 13:50:11,688 - api - INFO - refresh_data executed in 0.00 seconds
2025-04-25 13:50:58,027 - api - INFO - Loaded 30 predictions from C:\Projects\2k_spark\output\upcoming_match_predictions.json
2025-04-25 13:50:58,030 - api - INFO - Returning 30 matches
2025-04-25 13:50:58,032 - api - INFO - get_predictions executed in 0.01 seconds
2025-04-25 13:50:58,328 - api - INFO - Loaded 30 predictions from C:\Projects\2k_spark\output\upcoming_match_predictions.json
2025-04-25 13:50:58,328 - api - INFO - Returning 30 matches
2025-04-25 13:50:58,329 - api - INFO - get_predictions executed in 0.00 seconds
2025-04-25 13:51:42,261 - api - INFO - Loaded 30 predictions from C:\Projects\2k_spark\output\upcoming_match_predictions.json
2025-04-25 13:51:42,262 - api - INFO - Returning 30 matches
2025-04-25 13:51:42,263 - api - INFO - Retrieved score model accuracy: 4.075830549721303
2025-04-25 13:51:42,265 - api - INFO - get_score_predictions executed in 0.00 seconds
2025-04-25 13:51:42,317 - api - INFO - Loaded 30 predictions from C:\Projects\2k_spark\output\upcoming_match_predictions.json
2025-04-25 13:51:42,317 - api - INFO - Returning 30 matches
2025-04-25 13:51:42,318 - api - INFO - Retrieved score model accuracy: 4.075830549721303
2025-04-25 13:51:42,319 - api - INFO - get_score_predictions executed in 0.00 seconds
2025-04-25 14:18:14,149 - api - INFO - Starting scheduled prediction refresh
2025-04-25 14:18:14,149 - api - INFO - Scheduled prediction refresh completed
2025-04-25 15:18:14,151 - api - INFO - Starting scheduled prediction refresh
2025-04-25 15:18:14,152 - api - INFO - Scheduled prediction refresh completed
2025-04-25 16:18:14,155 - api - INFO - Starting scheduled prediction refresh
2025-04-25 16:18:14,156 - api - INFO - Scheduled prediction refresh completed
2025-04-25 17:18:14,159 - api - INFO - Starting scheduled prediction refresh
2025-04-25 17:18:14,160 - api - INFO - Scheduled prediction refresh completed
2025-04-25 17:28:13,172 - api - INFO - Loaded 30 predictions from C:\Projects\2k_spark\output\upcoming_match_predictions.json
2025-04-25 17:28:13,175 - api - INFO - Returning 30 matches
2025-04-25 17:28:13,179 - api - INFO - get_predictions executed in 0.01 seconds
2025-04-25 17:28:13,229 - api - INFO - Loaded 30 predictions from C:\Projects\2k_spark\output\upcoming_match_predictions.json
2025-04-25 17:28:13,229 - api - INFO - Returning 30 matches
2025-04-25 17:28:13,230 - api - INFO - get_predictions executed in 0.00 seconds
2025-04-25 17:28:20,130 - api - INFO - Loaded 30 predictions from C:\Projects\2k_spark\output\upcoming_match_predictions.json
2025-04-25 17:28:20,135 - api - INFO - Returning 30 matches
2025-04-25 17:28:20,140 - api - INFO - Retrieved score model accuracy: 4.075830549721303
2025-04-25 17:28:20,143 - api - INFO - get_score_predictions executed in 0.02 seconds
2025-04-25 17:28:20,378 - api - INFO - Loaded 30 predictions from C:\Projects\2k_spark\output\upcoming_match_predictions.json
2025-04-25 17:28:20,379 - api - INFO - Returning 30 matches
2025-04-25 17:28:20,385 - api - INFO - Retrieved score model accuracy: 4.075830549721303
2025-04-25 17:28:20,389 - api - INFO - get_score_predictions executed in 0.01 seconds
2025-04-25 18:18:14,163 - api - INFO - Starting scheduled prediction refresh
2025-04-25 18:18:14,165 - api - INFO - Scheduled prediction refresh completed
2025-04-25 19:10:19,015 - api - INFO - Loaded 30 predictions from C:\Projects\2k_spark\output\upcoming_match_predictions.json
2025-04-25 19:10:19,016 - api - INFO - Returning 30 matches
2025-04-25 19:10:19,019 - api - INFO - Retrieved score model accuracy: 4.075830549721303
2025-04-25 19:10:19,021 - api - INFO - get_score_predictions executed in 0.01 seconds
2025-04-25 19:10:24,300 - api - INFO - Loaded 30 predictions from C:\Projects\2k_spark\output\upcoming_match_predictions.json
2025-04-25 19:10:24,301 - api - INFO - Returning 30 matches
2025-04-25 19:10:24,303 - api - INFO - get_predictions executed in 0.00 seconds
2025-04-25 19:10:24,613 - api - INFO - Loaded 30 predictions from C:\Projects\2k_spark\output\upcoming_match_predictions.json
2025-04-25 19:10:24,615 - api - INFO - Returning 30 matches
2025-04-25 19:10:24,618 - api - INFO - get_predictions executed in 0.01 seconds
2025-04-25 19:10:39,141 - api - INFO - Loaded 30 predictions from C:\Projects\2k_spark\output\upcoming_match_predictions.json
2025-04-25 19:10:39,142 - api - INFO - Returning 30 matches
2025-04-25 19:10:39,148 - api - INFO - get_predictions executed in 0.01 seconds
2025-04-25 19:10:39,204 - api - INFO - Loaded 30 predictions from C:\Projects\2k_spark\output\upcoming_match_predictions.json
2025-04-25 19:10:39,204 - api - INFO - Returning 30 matches
2025-04-25 19:10:39,206 - api - INFO - get_predictions executed in 0.00 seconds
2025-04-25 19:10:41,940 - api - INFO - Loaded 28 upcoming matches from C:\Projects\2k_spark\output\upcoming_matches.json
2025-04-25 19:10:41,941 - api - INFO - Returning 28 matches
2025-04-25 19:10:41,943 - api - INFO - get_upcoming_matches executed in 0.00 seconds
2025-04-25 19:10:42,239 - api - INFO - Loaded 28 upcoming matches from C:\Projects\2k_spark\output\upcoming_matches.json
2025-04-25 19:10:42,242 - api - INFO - Returning 28 matches
2025-04-25 19:10:42,243 - api - INFO - get_upcoming_matches executed in 0.00 seconds
2025-04-25 19:18:14,166 - api - INFO - Starting scheduled prediction refresh
2025-04-25 19:18:14,168 - api - INFO - Scheduled prediction refresh completed
2025-04-25 19:40:28,867 - api - INFO - refresh_data executed in 0.01 seconds
2025-04-25 19:41:50,999 - api - INFO - refresh_data executed in 0.00 seconds
2025-04-25 19:46:22,920 - api - INFO - refresh_data executed in 0.00 seconds
2025-04-25 19:46:36,119 - api - INFO - Loaded 30 predictions from C:\Projects\2k_spark\output\upcoming_match_predictions.json
2025-04-25 19:46:36,120 - api - INFO - Returning 30 matches
2025-04-25 19:46:36,121 - api - INFO - Retrieved score model accuracy: 4.075830549721303
2025-04-25 19:46:36,122 - api - INFO - get_score_predictions executed in 0.01 seconds
2025-04-25 19:46:53,609 - api - INFO - Loaded 30 upcoming matches from C:\Projects\2k_spark\output\upcoming_matches.json
2025-04-25 19:46:53,610 - api - INFO - Returning 30 matches
2025-04-25 19:46:53,611 - api - INFO - get_upcoming_matches executed in 0.00 seconds
2025-04-25 19:46:53,910 - api - INFO - Loaded 30 upcoming matches from C:\Projects\2k_spark\output\upcoming_matches.json
2025-04-25 19:46:53,911 - api - INFO - Returning 30 matches
2025-04-25 19:46:53,911 - api - INFO - get_upcoming_matches executed in 0.00 seconds
2025-04-25 19:46:56,907 - api - INFO - Loaded 30 predictions from C:\Projects\2k_spark\output\upcoming_match_predictions.json
2025-04-25 19:46:56,907 - api - INFO - Returning 30 matches
2025-04-25 19:46:56,908 - api - INFO - get_predictions executed in 0.00 seconds
2025-04-25 19:46:56,960 - api - INFO - Loaded 30 predictions from C:\Projects\2k_spark\output\upcoming_match_predictions.json
2025-04-25 19:46:56,960 - api - INFO - Returning 30 matches
2025-04-25 19:46:56,961 - api - INFO - get_predictions executed in 0.00 seconds
2025-04-25 19:47:05,178 - api - INFO - refresh_data executed in 0.00 seconds
2025-04-25 20:05:47,103 - api - INFO - Loaded 30 predictions from C:\Projects\2k_spark\output\upcoming_match_predictions.json
2025-04-25 20:05:47,105 - api - INFO - Returning 30 matches
2025-04-25 20:05:47,107 - api - INFO - get_predictions executed in 0.03 seconds
2025-04-25 20:05:47,139 - api - INFO - Loaded 30 predictions from C:\Projects\2k_spark\output\upcoming_match_predictions.json
2025-04-25 20:05:47,141 - api - INFO - Returning 30 matches
2025-04-25 20:05:47,142 - api - INFO - get_predictions executed in 0.00 seconds
2025-04-25 20:06:02,255 - api - INFO - refresh_data executed in 0.01 seconds
2025-04-25 20:09:36,298 - api - INFO - Started refresh process with PID: 11040
2025-04-25 20:09:36,299 - api - INFO - refresh_data executed in 0.01 seconds
2025-04-25 20:09:41,285 - api - INFO - Refresh process 11040 is still running (expected)
2025-04-25 20:09:41,285 - api - INFO - Refresh process 11040 is running in the background
2025-04-25 20:10:52,949 - api - INFO - Loaded 30 predictions from C:\Projects\2k_spark\output\upcoming_match_predictions.json
2025-04-25 20:10:52,949 - api - INFO - Returning 30 matches
2025-04-25 20:10:52,952 - api - INFO - get_predictions executed in 0.02 seconds
2025-04-25 20:13:15,265 - api - INFO - Loaded 30 upcoming matches from C:\Projects\2k_spark\output\upcoming_matches.json
2025-04-25 20:13:15,265 - api - INFO - Returning 30 matches
2025-04-25 20:13:15,266 - api - INFO - get_upcoming_matches executed in 0.00 seconds
2025-04-25 20:13:15,331 - api - INFO - Loaded 30 upcoming matches from C:\Projects\2k_spark\output\upcoming_matches.json
2025-04-25 20:13:15,332 - api - INFO - Returning 30 matches
2025-04-25 20:13:15,332 - api - INFO - get_upcoming_matches executed in 0.00 seconds
2025-04-25 20:14:38,147 - api - INFO - Loaded 30 predictions from C:\Projects\2k_spark\output\upcoming_match_predictions.json
2025-04-25 20:14:38,147 - api - INFO - Returning 30 matches
2025-04-25 20:14:38,148 - api - INFO - get_predictions executed in 0.00 seconds
2025-04-25 20:14:38,200 - api - INFO - Loaded 30 predictions from C:\Projects\2k_spark\output\upcoming_match_predictions.json
2025-04-25 20:14:38,201 - api - INFO - Returning 30 matches
2025-04-25 20:14:38,202 - api - INFO - get_predictions executed in 0.00 seconds
2025-04-25 20:21:33,077 - api - INFO - Loaded 30 predictions from C:\Projects\2k_spark\output\upcoming_match_predictions.json
2025-04-25 20:21:33,077 - api - INFO - Returning 30 matches
2025-04-25 20:21:33,079 - api - INFO - get_predictions executed in 0.00 seconds
2025-04-25 20:21:33,126 - api - INFO - Loaded 30 predictions from C:\Projects\2k_spark\output\upcoming_match_predictions.json
2025-04-25 20:21:33,127 - api - INFO - Returning 30 matches
2025-04-25 20:21:33,129 - api - INFO - get_predictions executed in 0.00 seconds
2025-04-25 20:21:41,973 - api - INFO - Started refresh process with PID: 12008
2025-04-25 20:21:41,974 - api - INFO - refresh_data executed in 0.00 seconds
2025-04-25 20:21:46,105 - api - INFO - Loaded 30 predictions from C:\Projects\2k_spark\output\upcoming_match_predictions.json
2025-04-25 20:21:46,105 - api - INFO - Returning 30 matches
2025-04-25 20:21:46,106 - api - INFO - get_predictions executed in 0.00 seconds
2025-04-25 20:21:46,974 - api - INFO - Refresh process 12008 is still running (expected)
2025-04-25 20:21:46,975 - api - INFO - Refresh process 12008 is running in the background
2025-04-25 20:27:31,723 - api - INFO - Loaded 30 predictions from C:\Projects\2k_spark\output\upcoming_match_predictions.json
2025-04-25 20:27:31,724 - api - INFO - Match 207311: 2025-04-25T20:27:00Z
2025-04-25 20:27:31,724 - api - INFO - Match 207326: 2025-04-25T20:35:00Z
2025-04-25 20:27:31,725 - api - INFO - Match 207372: 2025-04-25T20:43:00Z
2025-04-25 20:27:31,725 - api - INFO - Match 207289: 2025-04-25T20:51:00Z
2025-04-25 20:27:31,726 - api - INFO - Match 207302: 2025-04-25T20:59:00Z
2025-04-25 20:27:31,727 - api - INFO - Match 207358: 2025-04-25T21:07:00Z
2025-04-25 20:27:31,728 - api - INFO - Match 207365: 2025-04-25T21:15:00Z
2025-04-25 20:27:31,729 - api - INFO - Match 207291: 2025-04-25T21:23:00Z
2025-04-25 20:27:31,729 - api - INFO - Match 207305: 2025-04-25T21:31:00Z
2025-04-25 20:27:31,730 - api - INFO - Match 207327: 2025-04-25T21:39:00Z
2025-04-25 20:27:31,731 - api - INFO - Match 207368: 2025-04-25T21:47:00Z
2025-04-25 20:27:31,731 - api - INFO - Match 207286: 2025-04-25T21:55:00Z
2025-04-25 20:27:31,732 - api - INFO - Match 207294: 2025-04-25T22:03:00Z
2025-04-25 20:27:31,732 - api - INFO - Match 207339: 2025-04-25T22:11:00Z
2025-04-25 20:27:31,733 - api - INFO - Match 207383: 2025-04-25T22:19:00Z
2025-04-25 20:27:31,734 - api - INFO - Match 207267: 2025-04-25T22:27:00Z
2025-04-25 20:27:31,734 - api - INFO - Match 207303: 2025-04-25T22:35:00Z
2025-04-25 20:27:31,735 - api - INFO - Match 207334: 2025-04-25T22:43:00Z
2025-04-25 20:27:31,736 - api - INFO - Match 207384: 2025-04-25T22:51:00Z
2025-04-25 20:27:31,736 - api - INFO - Match 207282: 2025-04-25T22:59:00Z
2025-04-25 20:27:31,737 - api - INFO - Match 207295: 2025-04-25T23:07:00Z
2025-04-25 20:27:31,738 - api - INFO - Match 207338: 2025-04-25T23:15:00Z
2025-04-25 20:27:31,738 - api - INFO - Match 207366: 2025-04-25T23:23:00Z
2025-04-25 20:27:31,739 - api - INFO - Match 207263: 2025-04-25T23:31:00Z
2025-04-25 20:27:31,739 - api - INFO - Match 207313: 2025-04-25T23:39:00Z
2025-04-25 20:27:31,740 - api - INFO - Match 207343: 2025-04-25T23:47:00Z
2025-04-25 20:27:31,741 - api - INFO - Match 207382: 2025-04-25T23:55:00Z
2025-04-25 20:27:31,742 - api - INFO - Match 207139: 2025-04-26T00:03:00Z
2025-04-25 20:27:31,743 - api - INFO - Match 207151: 2025-04-26T00:11:00Z
2025-04-25 20:27:31,744 - api - INFO - Match 207161: 2025-04-26T00:19:00Z
2025-04-25 20:27:31,744 - api - INFO - Returning 30 matches
2025-04-25 20:27:31,745 - api - INFO - get_predictions executed in 0.04 seconds
2025-04-25 20:27:31,763 - api - INFO - Loaded 30 predictions from C:\Projects\2k_spark\output\upcoming_match_predictions.json
2025-04-25 20:27:31,764 - api - INFO - Match 207311: 2025-04-25T20:27:00Z
2025-04-25 20:27:31,765 - api - INFO - Match 207326: 2025-04-25T20:35:00Z
2025-04-25 20:27:31,765 - api - INFO - Match 207372: 2025-04-25T20:43:00Z
2025-04-25 20:27:31,766 - api - INFO - Match 207289: 2025-04-25T20:51:00Z
2025-04-25 20:27:31,766 - api - INFO - Match 207302: 2025-04-25T20:59:00Z
2025-04-25 20:27:31,767 - api - INFO - Match 207358: 2025-04-25T21:07:00Z
2025-04-25 20:27:31,768 - api - INFO - Match 207365: 2025-04-25T21:15:00Z
2025-04-25 20:27:31,769 - api - INFO - Match 207291: 2025-04-25T21:23:00Z
2025-04-25 20:27:31,770 - api - INFO - Match 207305: 2025-04-25T21:31:00Z
2025-04-25 20:27:31,770 - api - INFO - Match 207327: 2025-04-25T21:39:00Z
2025-04-25 20:27:31,771 - api - INFO - Match 207368: 2025-04-25T21:47:00Z
2025-04-25 20:27:31,771 - api - INFO - Match 207286: 2025-04-25T21:55:00Z
2025-04-25 20:27:31,772 - api - INFO - Match 207294: 2025-04-25T22:03:00Z
2025-04-25 20:27:31,773 - api - INFO - Match 207339: 2025-04-25T22:11:00Z
2025-04-25 20:27:31,773 - api - INFO - Match 207383: 2025-04-25T22:19:00Z
2025-04-25 20:27:31,774 - api - INFO - Match 207267: 2025-04-25T22:27:00Z
2025-04-25 20:27:31,774 - api - INFO - Match 207303: 2025-04-25T22:35:00Z
2025-04-25 20:27:31,775 - api - INFO - Match 207334: 2025-04-25T22:43:00Z
2025-04-25 20:27:31,776 - api - INFO - Match 207384: 2025-04-25T22:51:00Z
2025-04-25 20:27:31,776 - api - INFO - Match 207282: 2025-04-25T22:59:00Z
2025-04-25 20:27:31,777 - api - INFO - Match 207295: 2025-04-25T23:07:00Z
2025-04-25 20:27:31,778 - api - INFO - Match 207338: 2025-04-25T23:15:00Z
2025-04-25 20:27:31,778 - api - INFO - Match 207366: 2025-04-25T23:23:00Z
2025-04-25 20:27:31,779 - api - INFO - Match 207263: 2025-04-25T23:31:00Z
2025-04-25 20:27:31,779 - api - INFO - Match 207313: 2025-04-25T23:39:00Z
2025-04-25 20:27:31,780 - api - INFO - Match 207343: 2025-04-25T23:47:00Z
2025-04-25 20:27:31,780 - api - INFO - Match 207382: 2025-04-25T23:55:00Z
2025-04-25 20:27:31,781 - api - INFO - Match 207139: 2025-04-26T00:03:00Z
2025-04-25 20:27:31,782 - api - INFO - Match 207151: 2025-04-26T00:11:00Z
2025-04-25 20:27:31,782 - api - INFO - Match 207161: 2025-04-26T00:19:00Z
2025-04-25 20:27:31,783 - api - INFO - Returning 30 matches
2025-04-25 20:27:31,784 - api - INFO - get_predictions executed in 0.02 seconds
2025-04-25 20:27:40,922 - api - INFO - Loaded 30 predictions from C:\Projects\2k_spark\output\upcoming_match_predictions.json
2025-04-25 20:27:40,923 - api - INFO - Match 207311: 2025-04-25T20:27:00Z
2025-04-25 20:27:40,924 - api - INFO - Match 207326: 2025-04-25T20:35:00Z
2025-04-25 20:27:40,924 - api - INFO - Match 207372: 2025-04-25T20:43:00Z
2025-04-25 20:27:40,925 - api - INFO - Match 207289: 2025-04-25T20:51:00Z
2025-04-25 20:27:40,926 - api - INFO - Match 207302: 2025-04-25T20:59:00Z
2025-04-25 20:27:40,926 - api - INFO - Match 207358: 2025-04-25T21:07:00Z
2025-04-25 20:27:40,927 - api - INFO - Match 207365: 2025-04-25T21:15:00Z
2025-04-25 20:27:40,929 - api - INFO - Match 207291: 2025-04-25T21:23:00Z
2025-04-25 20:27:40,931 - api - INFO - Match 207305: 2025-04-25T21:31:00Z
2025-04-25 20:27:40,932 - api - INFO - Match 207327: 2025-04-25T21:39:00Z
2025-04-25 20:27:40,932 - api - INFO - Match 207368: 2025-04-25T21:47:00Z
2025-04-25 20:27:40,933 - api - INFO - Match 207286: 2025-04-25T21:55:00Z
2025-04-25 20:27:40,933 - api - INFO - Match 207294: 2025-04-25T22:03:00Z
2025-04-25 20:27:40,934 - api - INFO - Match 207339: 2025-04-25T22:11:00Z
2025-04-25 20:27:40,937 - api - INFO - Match 207383: 2025-04-25T22:19:00Z
2025-04-25 20:27:40,938 - api - INFO - Match 207267: 2025-04-25T22:27:00Z
2025-04-25 20:27:40,939 - api - INFO - Match 207303: 2025-04-25T22:35:00Z
2025-04-25 20:27:40,939 - api - INFO - Match 207334: 2025-04-25T22:43:00Z
2025-04-25 20:27:40,940 - api - INFO - Match 207384: 2025-04-25T22:51:00Z
2025-04-25 20:27:40,940 - api - INFO - Match 207282: 2025-04-25T22:59:00Z
2025-04-25 20:27:40,942 - api - INFO - Match 207295: 2025-04-25T23:07:00Z
2025-04-25 20:27:40,944 - api - INFO - Match 207338: 2025-04-25T23:15:00Z
2025-04-25 20:27:40,944 - api - INFO - Match 207366: 2025-04-25T23:23:00Z
2025-04-25 20:27:40,945 - api - INFO - Match 207263: 2025-04-25T23:31:00Z
2025-04-25 20:27:40,946 - api - INFO - Match 207313: 2025-04-25T23:39:00Z
2025-04-25 20:27:40,947 - api - INFO - Match 207343: 2025-04-25T23:47:00Z
2025-04-25 20:27:40,947 - api - INFO - Match 207382: 2025-04-25T23:55:00Z
2025-04-25 20:27:40,948 - api - INFO - Match 207139: 2025-04-26T00:03:00Z
2025-04-25 20:27:40,951 - api - INFO - Match 207151: 2025-04-26T00:11:00Z
2025-04-25 20:27:40,952 - api - INFO - Match 207161: 2025-04-26T00:19:00Z
2025-04-25 20:27:40,952 - api - INFO - Returning 30 matches
2025-04-25 20:27:40,953 - api - INFO - get_predictions executed in 0.03 seconds
2025-04-25 20:29:07,093 - api - INFO - Loaded 30 predictions from C:\Projects\2k_spark\output\upcoming_match_predictions.json
2025-04-25 20:29:07,094 - api - INFO - Match 207311: 2025-04-25T20:27:00Z
2025-04-25 20:29:07,096 - api - INFO - Match 207326: 2025-04-25T20:35:00Z
2025-04-25 20:29:07,097 - api - INFO - Match 207372: 2025-04-25T20:43:00Z
2025-04-25 20:29:07,098 - api - INFO - Match 207289: 2025-04-25T20:51:00Z
2025-04-25 20:29:07,100 - api - INFO - Match 207302: 2025-04-25T20:59:00Z
2025-04-25 20:29:07,101 - api - INFO - Match 207358: 2025-04-25T21:07:00Z
2025-04-25 20:29:07,103 - api - INFO - Match 207365: 2025-04-25T21:15:00Z
2025-04-25 20:29:07,104 - api - INFO - Match 207291: 2025-04-25T21:23:00Z
2025-04-25 20:29:07,105 - api - INFO - Match 207305: 2025-04-25T21:31:00Z
2025-04-25 20:29:07,107 - api - INFO - Match 207327: 2025-04-25T21:39:00Z
2025-04-25 20:29:07,107 - api - INFO - Match 207368: 2025-04-25T21:47:00Z
2025-04-25 20:29:07,109 - api - INFO - Match 207286: 2025-04-25T21:55:00Z
2025-04-25 20:29:07,111 - api - INFO - Match 207294: 2025-04-25T22:03:00Z
2025-04-25 20:29:07,112 - api - INFO - Match 207339: 2025-04-25T22:11:00Z
2025-04-25 20:29:07,113 - api - INFO - Match 207383: 2025-04-25T22:19:00Z
2025-04-25 20:29:07,114 - api - INFO - Match 207267: 2025-04-25T22:27:00Z
2025-04-25 20:29:07,114 - api - INFO - Match 207303: 2025-04-25T22:35:00Z
2025-04-25 20:29:07,115 - api - INFO - Match 207334: 2025-04-25T22:43:00Z
2025-04-25 20:29:07,118 - api - INFO - Match 207384: 2025-04-25T22:51:00Z
2025-04-25 20:29:07,119 - api - INFO - Match 207282: 2025-04-25T22:59:00Z
2025-04-25 20:29:07,120 - api - INFO - Match 207295: 2025-04-25T23:07:00Z
2025-04-25 20:29:07,120 - api - INFO - Match 207338: 2025-04-25T23:15:00Z
2025-04-25 20:29:07,121 - api - INFO - Match 207366: 2025-04-25T23:23:00Z
2025-04-25 20:29:07,121 - api - INFO - Match 207263: 2025-04-25T23:31:00Z
2025-04-25 20:29:07,122 - api - INFO - Match 207313: 2025-04-25T23:39:00Z
2025-04-25 20:29:07,124 - api - INFO - Match 207343: 2025-04-25T23:47:00Z
2025-04-25 20:29:07,125 - api - INFO - Match 207382: 2025-04-25T23:55:00Z
2025-04-25 20:29:07,125 - api - INFO - Match 207139: 2025-04-26T00:03:00Z
2025-04-25 20:29:07,126 - api - INFO - Match 207151: 2025-04-26T00:11:00Z
2025-04-25 20:29:07,126 - api - INFO - Match 207161: 2025-04-26T00:19:00Z
2025-04-25 20:29:07,127 - api - INFO - Returning 30 matches
2025-04-25 20:29:07,128 - api - INFO - get_predictions executed in 0.04 seconds
2025-04-25 20:30:27,799 - api - INFO - Loaded 30 predictions from C:\Projects\2k_spark\output\upcoming_match_predictions.json
2025-04-25 20:30:27,800 - api - INFO - Match 207311: 2025-04-25T20:27:00Z
2025-04-25 20:30:27,800 - api - INFO - Match 207326: 2025-04-25T20:35:00Z
2025-04-25 20:30:27,801 - api - INFO - Match 207372: 2025-04-25T20:43:00Z
2025-04-25 20:30:27,801 - api - INFO - Match 207289: 2025-04-25T20:51:00Z
2025-04-25 20:30:27,802 - api - INFO - Match 207302: 2025-04-25T20:59:00Z
2025-04-25 20:30:27,802 - api - INFO - Match 207358: 2025-04-25T21:07:00Z
2025-04-25 20:30:27,804 - api - INFO - Match 207365: 2025-04-25T21:15:00Z
2025-04-25 20:30:27,805 - api - INFO - Match 207291: 2025-04-25T21:23:00Z
2025-04-25 20:30:27,805 - api - INFO - Match 207305: 2025-04-25T21:31:00Z
2025-04-25 20:30:27,806 - api - INFO - Match 207327: 2025-04-25T21:39:00Z
2025-04-25 20:30:27,807 - api - INFO - Match 207368: 2025-04-25T21:47:00Z
2025-04-25 20:30:27,807 - api - INFO - Match 207286: 2025-04-25T21:55:00Z
2025-04-25 20:30:27,808 - api - INFO - Match 207294: 2025-04-25T22:03:00Z
2025-04-25 20:30:27,808 - api - INFO - Match 207339: 2025-04-25T22:11:00Z
2025-04-25 20:30:27,809 - api - INFO - Match 207383: 2025-04-25T22:19:00Z
2025-04-25 20:30:27,809 - api - INFO - Match 207267: 2025-04-25T22:27:00Z
2025-04-25 20:30:27,810 - api - INFO - Match 207303: 2025-04-25T22:35:00Z
2025-04-25 20:30:27,812 - api - INFO - Match 207334: 2025-04-25T22:43:00Z
2025-04-25 20:30:27,813 - api - INFO - Match 207384: 2025-04-25T22:51:00Z
2025-04-25 20:30:27,813 - api - INFO - Match 207282: 2025-04-25T22:59:00Z
2025-04-25 20:30:27,814 - api - INFO - Match 207295: 2025-04-25T23:07:00Z
2025-04-25 20:30:27,814 - api - INFO - Match 207338: 2025-04-25T23:15:00Z
2025-04-25 20:30:27,815 - api - INFO - Match 207366: 2025-04-25T23:23:00Z
2025-04-25 20:30:27,815 - api - INFO - Match 207263: 2025-04-25T23:31:00Z
2025-04-25 20:30:27,815 - api - INFO - Match 207313: 2025-04-25T23:39:00Z
2025-04-25 20:30:27,815 - api - INFO - Match 207343: 2025-04-25T23:47:00Z
2025-04-25 20:30:27,816 - api - INFO - Match 207382: 2025-04-25T23:55:00Z
2025-04-25 20:30:27,818 - api - INFO - Match 207139: 2025-04-26T00:03:00Z
2025-04-25 20:30:27,819 - api - INFO - Match 207151: 2025-04-26T00:11:00Z
2025-04-25 20:30:27,820 - api - INFO - Match 207161: 2025-04-26T00:19:00Z
2025-04-25 20:30:27,820 - api - INFO - Returning 30 matches
2025-04-25 20:30:27,821 - api - INFO - get_predictions executed in 0.02 seconds
2025-04-25 20:32:14,432 - api - INFO - Started refresh process with PID: 11008
2025-04-25 20:32:14,434 - api - INFO - refresh_data executed in 0.01 seconds
2025-04-25 20:32:19,436 - api - INFO - Refresh process 11008 is still running (expected)
2025-04-25 20:32:19,437 - api - INFO - Refresh process 11008 is running in the background
2025-04-25 20:32:38,479 - api - INFO - Loaded 30 upcoming matches from C:\Projects\2k_spark\output\upcoming_matches.json
2025-04-25 20:32:38,480 - api - INFO - Returning 30 matches
2025-04-25 20:32:38,481 - api - INFO - get_upcoming_matches executed in 0.00 seconds
2025-04-25 20:32:38,790 - api - INFO - Loaded 30 upcoming matches from C:\Projects\2k_spark\output\upcoming_matches.json
2025-04-25 20:32:38,790 - api - INFO - Returning 30 matches
2025-04-25 20:32:38,791 - api - INFO - get_upcoming_matches executed in 0.00 seconds
2025-04-25 20:32:48,203 - api - INFO - Loaded 30 predictions from C:\Projects\2k_spark\output\upcoming_match_predictions.json
2025-04-25 20:32:48,203 - api - INFO - Match 207311: 2025-04-25T20:27:00Z
2025-04-25 20:32:48,203 - api - INFO - Match 207326: 2025-04-25T20:35:00Z
2025-04-25 20:32:48,203 - api - INFO - Match 207372: 2025-04-25T20:43:00Z
2025-04-25 20:32:48,204 - api - INFO - Match 207289: 2025-04-25T20:51:00Z
2025-04-25 20:32:48,204 - api - INFO - Match 207302: 2025-04-25T20:59:00Z
2025-04-25 20:32:48,204 - api - INFO - Match 207358: 2025-04-25T21:07:00Z
2025-04-25 20:32:48,205 - api - INFO - Match 207365: 2025-04-25T21:15:00Z
2025-04-25 20:32:48,205 - api - INFO - Match 207291: 2025-04-25T21:23:00Z
2025-04-25 20:32:48,206 - api - INFO - Match 207305: 2025-04-25T21:31:00Z
2025-04-25 20:32:48,206 - api - INFO - Match 207327: 2025-04-25T21:39:00Z
2025-04-25 20:32:48,207 - api - INFO - Match 207368: 2025-04-25T21:47:00Z
2025-04-25 20:32:48,207 - api - INFO - Match 207286: 2025-04-25T21:55:00Z
2025-04-25 20:32:48,208 - api - INFO - Match 207294: 2025-04-25T22:03:00Z
2025-04-25 20:32:48,208 - api - INFO - Match 207339: 2025-04-25T22:11:00Z
2025-04-25 20:32:48,209 - api - INFO - Match 207383: 2025-04-25T22:19:00Z
2025-04-25 20:32:48,209 - api - INFO - Match 207267: 2025-04-25T22:27:00Z
2025-04-25 20:32:48,209 - api - INFO - Match 207303: 2025-04-25T22:35:00Z
2025-04-25 20:32:48,210 - api - INFO - Match 207334: 2025-04-25T22:43:00Z
2025-04-25 20:32:48,210 - api - INFO - Match 207384: 2025-04-25T22:51:00Z
2025-04-25 20:32:48,210 - api - INFO - Match 207282: 2025-04-25T22:59:00Z
2025-04-25 20:32:48,211 - api - INFO - Match 207295: 2025-04-25T23:07:00Z
2025-04-25 20:32:48,211 - api - INFO - Match 207338: 2025-04-25T23:15:00Z
2025-04-25 20:32:48,211 - api - INFO - Match 207366: 2025-04-25T23:23:00Z
2025-04-25 20:32:48,212 - api - INFO - Match 207263: 2025-04-25T23:31:00Z
2025-04-25 20:32:48,212 - api - INFO - Match 207313: 2025-04-25T23:39:00Z
2025-04-25 20:32:48,213 - api - INFO - Match 207343: 2025-04-25T23:47:00Z
2025-04-25 20:32:48,213 - api - INFO - Match 207382: 2025-04-25T23:55:00Z
2025-04-25 20:32:48,213 - api - INFO - Match 207139: 2025-04-26T00:03:00Z
2025-04-25 20:32:48,214 - api - INFO - Match 207151: 2025-04-26T00:11:00Z
2025-04-25 20:32:48,214 - api - INFO - Match 207161: 2025-04-26T00:19:00Z
2025-04-25 20:32:48,214 - api - INFO - Returning 30 matches
2025-04-25 20:32:48,215 - api - INFO - get_predictions executed in 0.01 seconds
2025-04-25 20:32:48,518 - api - INFO - Loaded 30 predictions from C:\Projects\2k_spark\output\upcoming_match_predictions.json
2025-04-25 20:32:48,519 - api - INFO - Match 207311: 2025-04-25T20:27:00Z
2025-04-25 20:32:48,519 - api - INFO - Match 207326: 2025-04-25T20:35:00Z
2025-04-25 20:32:48,519 - api - INFO - Match 207372: 2025-04-25T20:43:00Z
2025-04-25 20:32:48,520 - api - INFO - Match 207289: 2025-04-25T20:51:00Z
2025-04-25 20:32:48,520 - api - INFO - Match 207302: 2025-04-25T20:59:00Z
2025-04-25 20:32:48,520 - api - INFO - Match 207358: 2025-04-25T21:07:00Z
2025-04-25 20:32:48,520 - api - INFO - Match 207365: 2025-04-25T21:15:00Z
2025-04-25 20:32:48,521 - api - INFO - Match 207291: 2025-04-25T21:23:00Z
2025-04-25 20:32:48,521 - api - INFO - Match 207305: 2025-04-25T21:31:00Z
2025-04-25 20:32:48,521 - api - INFO - Match 207327: 2025-04-25T21:39:00Z
2025-04-25 20:32:48,521 - api - INFO - Match 207368: 2025-04-25T21:47:00Z
2025-04-25 20:32:48,522 - api - INFO - Match 207286: 2025-04-25T21:55:00Z
2025-04-25 20:32:48,522 - api - INFO - Match 207294: 2025-04-25T22:03:00Z
2025-04-25 20:32:48,522 - api - INFO - Match 207339: 2025-04-25T22:11:00Z
2025-04-25 20:32:48,522 - api - INFO - Match 207383: 2025-04-25T22:19:00Z
2025-04-25 20:32:48,523 - api - INFO - Match 207267: 2025-04-25T22:27:00Z
2025-04-25 20:32:48,523 - api - INFO - Match 207303: 2025-04-25T22:35:00Z
2025-04-25 20:32:48,523 - api - INFO - Match 207334: 2025-04-25T22:43:00Z
2025-04-25 20:32:48,524 - api - INFO - Match 207384: 2025-04-25T22:51:00Z
2025-04-25 20:32:48,524 - api - INFO - Match 207282: 2025-04-25T22:59:00Z
2025-04-25 20:32:48,524 - api - INFO - Match 207295: 2025-04-25T23:07:00Z
2025-04-25 20:32:48,525 - api - INFO - Match 207338: 2025-04-25T23:15:00Z
2025-04-25 20:32:48,525 - api - INFO - Match 207366: 2025-04-25T23:23:00Z
2025-04-25 20:32:48,526 - api - INFO - Match 207263: 2025-04-25T23:31:00Z
2025-04-25 20:32:48,526 - api - INFO - Match 207313: 2025-04-25T23:39:00Z
2025-04-25 20:32:48,526 - api - INFO - Match 207343: 2025-04-25T23:47:00Z
2025-04-25 20:32:48,527 - api - INFO - Match 207382: 2025-04-25T23:55:00Z
2025-04-25 20:32:48,527 - api - INFO - Match 207139: 2025-04-26T00:03:00Z
2025-04-25 20:32:48,527 - api - INFO - Match 207151: 2025-04-26T00:11:00Z
2025-04-25 20:32:48,527 - api - INFO - Match 207161: 2025-04-26T00:19:00Z
2025-04-25 20:32:48,528 - api - INFO - Returning 30 matches
2025-04-25 20:32:48,529 - api - INFO - get_predictions executed in 0.01 seconds
2025-04-25 20:32:50,035 - api - INFO - Loaded 30 upcoming matches from C:\Projects\2k_spark\output\upcoming_matches.json
2025-04-25 20:32:50,036 - api - INFO - Returning 30 matches
2025-04-25 20:32:50,037 - api - INFO - get_upcoming_matches executed in 0.00 seconds
2025-04-25 20:32:50,087 - api - INFO - Loaded 30 upcoming matches from C:\Projects\2k_spark\output\upcoming_matches.json
2025-04-25 20:32:50,088 - api - INFO - Returning 30 matches
2025-04-25 20:32:50,089 - api - INFO - get_upcoming_matches executed in 0.00 seconds
2025-04-25 20:32:51,957 - api - INFO - Loaded statistics for 94 players from C:\Projects\2k_spark\output\player_stats.json
2025-04-25 20:32:51,957 - api - INFO - Returning statistics for 94 players
2025-04-25 20:32:52,022 - api - INFO - get_player_stats executed in 0.15 seconds
2025-04-25 20:32:52,252 - api - INFO - Loaded statistics for 94 players from C:\Projects\2k_spark\output\player_stats.json
2025-04-25 20:32:52,253 - api - INFO - Returning statistics for 94 players
2025-04-25 20:32:52,425 - api - INFO - get_player_stats executed in 0.25 seconds
2025-04-25 20:33:04,235 - api - INFO - Loaded 30 predictions from C:\Projects\2k_spark\output\upcoming_match_predictions.json
2025-04-25 20:33:04,236 - api - INFO - Returning 30 matches
2025-04-25 20:33:04,239 - api - INFO - Retrieved score model accuracy: 4.075830549721303
2025-04-25 20:33:04,241 - api - INFO - get_score_predictions executed in 0.01 seconds
2025-04-25 20:33:04,291 - api - INFO - Loaded 30 predictions from C:\Projects\2k_spark\output\upcoming_match_predictions.json
2025-04-25 20:33:04,293 - api - INFO - Returning 30 matches
2025-04-25 20:33:04,299 - api - INFO - Retrieved score model accuracy: 4.075830549721303
2025-04-25 20:33:04,304 - api - INFO - get_score_predictions executed in 0.01 seconds
2025-04-25 20:33:26,723 - api - INFO - get_prediction_history executed in 0.05 seconds
2025-04-25 20:33:26,987 - api - INFO - get_prediction_history executed in 0.01 seconds
